
INFO	Show df_business

<class 'pandas.core.frame.DataFrame'>
RangeIndex: 188593 entries, 0 to 188592
Data columns (total 15 columns):
address         188593 non-null object
attributes      162807 non-null object
business_id     188593 non-null object
categories      188052 non-null object
city            188593 non-null object
hours           143791 non-null object
is_open         188593 non-null int64
latitude        188587 non-null float64
longitude       188587 non-null float64
name            188593 non-null object
neighborhood    188593 non-null object
postal_code     188593 non-null object
review_count    188593 non-null int64
stars           188593 non-null float64
state           188593 non-null object
dtypes: float64(3), int64(2), object(10)
memory usage: 21.6+ MB
None

INFO	Show df_business_las_vegas info

<class 'pandas.core.frame.DataFrame'>
Int64Index: 28865 entries, 17 to 188592
Data columns (total 15 columns):
address         28865 non-null object
attributes      24706 non-null object
business_id     28865 non-null object
categories      28785 non-null object
city            28865 non-null object
hours           22338 non-null object
is_open         28865 non-null int64
latitude        28864 non-null float64
longitude       28864 non-null float64
name            28865 non-null object
neighborhood    28865 non-null object
postal_code     28865 non-null object
review_count    28865 non-null int64
stars           28865 non-null float64
state           28865 non-null object
dtypes: float64(3), int64(2), object(10)
memory usage: 3.5+ MB
None

INFO	Show df_business_las_vegas_restaurant

<class 'pandas.core.frame.DataFrame'>
Int64Index: 6153 entries, 19 to 188567
Data columns (total 15 columns):
address         6153 non-null object
attributes      6084 non-null object
business_id     6153 non-null object
categories      6153 non-null object
city            6153 non-null object
hours           4783 non-null object
is_open         6153 non-null int64
latitude        6153 non-null float64
longitude       6153 non-null float64
name            6153 non-null object
neighborhood    6153 non-null object
postal_code     6153 non-null object
review_count    6153 non-null int64
stars           6153 non-null float64
state           6153 non-null object
dtypes: float64(3), int64(2), object(10)
memory usage: 769.1+ KB
None

INFO	Show df_business_las_vegas_restaurant_reduce

<class 'pandas.core.frame.DataFrame'>
Int64Index: 6153 entries, 19 to 188567
Data columns (total 7 columns):
business_id     6153 non-null object
is_open         6153 non-null int64
latitude        6153 non-null float64
longitude       6153 non-null float64
postal_code     6153 non-null object
review_count    6153 non-null int64
stars           6153 non-null float64
dtypes: float64(3), int64(2), object(2)
memory usage: 384.6+ KB
None

INFO	Generate business_las_vegas_restaurant_dataset.csv

INFO	Generate business_id

