
INFO	Show df_review_las_vegas_restaurant

<class 'pandas.core.frame.DataFrame'>
RangeIndex: 1054089 entries, 0 to 1054088
Data columns (total 9 columns):
business_id    1054089 non-null object
cool           1054089 non-null int64
date           1054089 non-null datetime64[ns]
funny          1054089 non-null int64
review_id      1054089 non-null object
stars          1054089 non-null int64
text           1054089 non-null object
useful         1054089 non-null int64
user_id        1054089 non-null object
dtypes: datetime64[ns](1), int64(4), object(4)
memory usage: 72.4+ MB
None

INFO	Show df_review_las_vegas_restaurant_reduce

<class 'pandas.core.frame.DataFrame'>
RangeIndex: 1054089 entries, 0 to 1054088
Data columns (total 5 columns):
business_id    1054089 non-null object
review_id      1054089 non-null object
stars          1054089 non-null int64
text           1054089 non-null object
user_id        1054089 non-null object
dtypes: int64(1), object(4)
memory usage: 40.2+ MB
None

INFO	Generate review_las_vegas_restaurant_dataset.csv

